<?xml version="1.0" encoding="UTF-8"?>
<!-- Generated by org.testng.reporters.JUnitXMLReporter -->
<testsuite hostname="SUNDEEPs-MBP-3" failures="0" tests="5" name="Test" time="28.11" errors="0" timestamp="11 Oct 2019 12:48:34 GMT">
  <testcase classname="Logistics.Fedex1" name="page1" time="7.292"/>
  <testcase classname="Logistics.Fedex2" name="page2" time="5.659"/>
  <testcase classname="Logistics.Fedex3" name="page3" time="5.632"/>
  <testcase classname="Logistics.Fedex3" name="page3" time="2.054"/>
  <testcase classname="Logistics.Fedex3" name="page3" time="2.429"/>
</testsuite> <!-- Test -->
