<?xml version="1.0" encoding="UTF-8"?>
<testng-results total="5" passed="4" failed="1" skipped="0">
  <reporter-output>
  </reporter-output>
  <suite started-at="2019-10-22T21:49:18Z" name="FedEX" finished-at="2019-10-22T21:50:03Z" duration-ms="45198">
    <groups>
    </groups>
    <test started-at="2019-10-22T21:49:18Z" name="Regression Test" finished-at="2019-10-22T21:50:03Z" duration-ms="45198">
      <class name="Logistics.Fedex3">
        <test-method is-config="true" signature="navigation()[pri:0, instance:Logistics.Fedex3@43d7741f]" started-at="2019-10-22T22:49:45Z" name="navigation" finished-at="2019-10-22T22:49:46Z" duration-ms="1360" status="PASS">
          <reporter-output>
          </reporter-output>
        </test-method> <!-- navigation -->
        <test-method signature="page3(java.lang.String, java.lang.String, java.lang.String, java.lang.String, java.lang.String, java.lang.String, java.lang.String, java.lang.String, java.lang.String, java.lang.String, java.lang.String, java.lang.String)[pri:0, instance:Logistics.Fedex3@43d7741f]" started-at="2019-10-22T22:49:46Z" name="page3" data-provider="getData" finished-at="2019-10-22T22:49:52Z" duration-ms="6466" status="PASS">
          <params>
            <param index="0">
              <value>
                <![CDATA[1234567550]]>
              </value>
            </param>
            <param index="1">
              <value>
                <![CDATA[Sunny3112]]>
              </value>
            </param>
            <param index="2">
              <value>
                <![CDATA[Sunny3112]]>
              </value>
            </param>
            <param index="3">
              <value>
                <![CDATA[Nellore]]>
              </value>
            </param>
            <param index="4">
              <value>
                <![CDATA[Sundeep]]>
              </value>
            </param>
            <param index="5">
              <value>
                <![CDATA[Pam]]>
              </value>
            </param>
            <param index="6">
              <value>
                <![CDATA[TR14 8FG]]>
              </value>
            </param>
            <param index="7">
              <value>
                <![CDATA[3 PLEN AN VARGHAS]]>
              </value>
            </param>
            <param index="8">
              <value>
                <![CDATA[Camborne]]>
              </value>
            </param>
            <param index="9">
              <value>
                <![CDATA[sunnydeepu10@gmail.com]]>
              </value>
            </param>
            <param index="10">
              <value>
                <![CDATA[sunnydeepu10@gmail.com]]>
              </value>
            </param>
            <param index="11">
              <value>
                <![CDATA[07508962079]]>
              </value>
            </param>
          </params>
          <reporter-output>
          </reporter-output>
        </test-method> <!-- page3 -->
        <test-method is-config="true" signature="getScreenShot()[pri:0, instance:Logistics.Fedex3@43d7741f]" started-at="2019-10-22T22:49:52Z" name="getScreenShot" finished-at="2019-10-22T22:49:53Z" duration-ms="477" status="PASS">
          <reporter-output>
          </reporter-output>
        </test-method> <!-- getScreenShot -->
        <test-method is-config="true" signature="navigation()[pri:0, instance:Logistics.Fedex3@43d7741f]" started-at="2019-10-22T22:49:53Z" name="navigation" finished-at="2019-10-22T22:49:54Z" duration-ms="1099" status="PASS">
          <reporter-output>
          </reporter-output>
        </test-method> <!-- navigation -->
        <test-method signature="page3(java.lang.String, java.lang.String, java.lang.String, java.lang.String, java.lang.String, java.lang.String, java.lang.String, java.lang.String, java.lang.String, java.lang.String, java.lang.String, java.lang.String)[pri:0, instance:Logistics.Fedex3@43d7741f]" started-at="2019-10-22T22:49:54Z" name="page3" data-provider="getData" finished-at="2019-10-22T22:49:57Z" duration-ms="3380" status="PASS">
          <params>
            <param index="0">
              <value>
                <![CDATA[12345]]>
              </value>
            </param>
            <param index="1">
              <value>
                <![CDATA[sunny331]]>
              </value>
            </param>
            <param index="2">
              <value>
                <![CDATA[sunny331]]>
              </value>
            </param>
            <param index="3">
              <value>
                <![CDATA[kavali]]>
              </value>
            </param>
            <param index="4">
              <value>
                <![CDATA[deepu]]>
              </value>
            </param>
            <param index="5">
              <value>
                <![CDATA[p]]>
              </value>
            </param>
            <param index="6">
              <value>
                <![CDATA[CB4 2RS]]>
              </value>
            </param>
            <param index="7">
              <value>
                <![CDATA[55]]>
              </value>
            </param>
            <param index="8">
              <value>
                <![CDATA[Cam]]>
              </value>
            </param>
            <param index="9">
              <value>
                <![CDATA[123@mail.com]]>
              </value>
            </param>
            <param index="10">
              <value>
                <![CDATA[321@mail.com]]>
              </value>
            </param>
            <param index="11">
              <value>
                <![CDATA[0750]]>
              </value>
            </param>
          </params>
          <reporter-output>
          </reporter-output>
        </test-method> <!-- page3 -->
        <test-method is-config="true" signature="getScreenShot()[pri:0, instance:Logistics.Fedex3@43d7741f]" started-at="2019-10-22T22:49:57Z" name="getScreenShot" finished-at="2019-10-22T22:49:58Z" duration-ms="460" status="PASS">
          <reporter-output>
          </reporter-output>
        </test-method> <!-- getScreenShot -->
        <test-method is-config="true" signature="navigation()[pri:0, instance:Logistics.Fedex3@43d7741f]" started-at="2019-10-22T22:49:58Z" name="navigation" finished-at="2019-10-22T22:49:59Z" duration-ms="995" status="PASS">
          <reporter-output>
          </reporter-output>
        </test-method> <!-- navigation -->
        <test-method signature="page3(java.lang.String, java.lang.String, java.lang.String, java.lang.String, java.lang.String, java.lang.String, java.lang.String, java.lang.String, java.lang.String, java.lang.String, java.lang.String, java.lang.String)[pri:0, instance:Logistics.Fedex3@43d7741f]" started-at="2019-10-22T22:49:59Z" name="page3" data-provider="getData" finished-at="2019-10-22T22:50:03Z" duration-ms="3827" status="PASS">
          <params>
            <param index="0">
              <value>
                <![CDATA[123456]]>
              </value>
            </param>
            <param index="1">
              <value>
                <![CDATA[Sunny33]]>
              </value>
            </param>
            <param index="2">
              <value>
                <![CDATA[Sunny]]>
              </value>
            </param>
            <param index="3">
              <value>
                <![CDATA[Hyderabad]]>
              </value>
            </param>
            <param index="4">
              <value>
                <![CDATA[sunny]]>
              </value>
            </param>
            <param index="5">
              <value>
                <![CDATA[pa]]>
              </value>
            </param>
            <param index="6">
              <value>
                <![CDATA[TR14 8JY]]>
              </value>
            </param>
            <param index="7">
              <value>
                <![CDATA[16 commercial street]]>
              </value>
            </param>
            <param index="8">
              <value>
                <![CDATA[Camborne]]>
              </value>
            </param>
            <param index="9">
              <value>
                <![CDATA[321@mail.com]]>
              </value>
            </param>
            <param index="10">
              <value>
                <![CDATA[123@mail.com]]>
              </value>
            </param>
            <param index="11">
              <value>
                <![CDATA[0750896]]>
              </value>
            </param>
          </params>
          <reporter-output>
          </reporter-output>
        </test-method> <!-- page3 -->
        <test-method is-config="true" signature="getScreenShot()[pri:0, instance:Logistics.Fedex3@43d7741f]" started-at="2019-10-22T22:50:03Z" name="getScreenShot" finished-at="2019-10-22T22:50:03Z" duration-ms="504" status="PASS">
          <reporter-output>
          </reporter-output>
        </test-method> <!-- getScreenShot -->
      </class> <!-- Logistics.Fedex3 -->
      <class name="Logistics.Fedex1">
        <test-method is-config="true" signature="Navigation()[pri:0, instance:Logistics.Fedex1@17baae6e]" started-at="2019-10-22T22:49:18Z" name="Navigation" finished-at="2019-10-22T22:49:23Z" duration-ms="5114" status="PASS">
          <reporter-output>
          </reporter-output>
        </test-method> <!-- Navigation -->
        <test-method is-config="true" signature="navigation()[pri:0, instance:Logistics.Fedex2@61ca2dfa]" started-at="2019-10-22T22:49:23Z" name="navigation" finished-at="2019-10-22T22:49:27Z" duration-ms="3172" status="PASS">
          <reporter-output>
          </reporter-output>
        </test-method> <!-- navigation -->
        <test-method signature="page1()[pri:0, instance:Logistics.Fedex1@17baae6e]" started-at="2019-10-22T22:49:27Z" name="page1" finished-at="2019-10-22T22:49:37Z" duration-ms="10215" status="FAIL">
          <exception class="org.openqa.selenium.NoSuchElementException">
            <message>
              <![CDATA[no such element: Unable to locate element: {"method":"css selector","selector":"#fromAddress"}
  (Session info: chrome=77.0.3865.120)
For documentation on this error, please visit: https://www.seleniumhq.org/exceptions/no_such_element.html
Build info: version: '3.141.59', revision: 'e82be7d358', time: '2018-11-14T08:17:03'
System info: host: 'SUNDEEPs-MacBook-Pro-3.local', ip: 'fe80:0:0:0:10da:fd3d:55d6:8df%en0', os.name: 'Mac OS X', os.arch: 'x86_64', os.version: '10.13.6', java.version: '12.0.2'
Driver info: org.openqa.selenium.chrome.ChromeDriver
Capabilities {acceptInsecureCerts: false, browserName: chrome, browserVersion: 77.0.3865.120, chrome: {chromedriverVersion: 76.0.3809.126 (d80a294506b4..., userDataDir: /var/folders/r1/jxw_cnks2s5...}, goog:chromeOptions: {debuggerAddress: localhost:56095}, javascriptEnabled: true, networkConnectionEnabled: false, pageLoadStrategy: normal, platform: MAC, platformName: MAC, proxy: Proxy(), setWindowRect: true, strictFileInteractability: false, timeouts: {implicit: 0, pageLoad: 300000, script: 30000}, unhandledPromptBehavior: dismiss and notify}
Session ID: 9044a2a2854a9445ca4efb610dd9ed02
*** Element info: {Using=id, value=fromAddress}]]>
            </message>
            <full-stacktrace>
              <![CDATA[org.openqa.selenium.NoSuchElementException: no such element: Unable to locate element: {"method":"css selector","selector":"#fromAddress"}
  (Session info: chrome=77.0.3865.120)
For documentation on this error, please visit: https://www.seleniumhq.org/exceptions/no_such_element.html
Build info: version: '3.141.59', revision: 'e82be7d358', time: '2018-11-14T08:17:03'
System info: host: 'SUNDEEPs-MacBook-Pro-3.local', ip: 'fe80:0:0:0:10da:fd3d:55d6:8df%en0', os.name: 'Mac OS X', os.arch: 'x86_64', os.version: '10.13.6', java.version: '12.0.2'
Driver info: org.openqa.selenium.chrome.ChromeDriver
Capabilities {acceptInsecureCerts: false, browserName: chrome, browserVersion: 77.0.3865.120, chrome: {chromedriverVersion: 76.0.3809.126 (d80a294506b4..., userDataDir: /var/folders/r1/jxw_cnks2s5...}, goog:chromeOptions: {debuggerAddress: localhost:56095}, javascriptEnabled: true, networkConnectionEnabled: false, pageLoadStrategy: normal, platform: MAC, platformName: MAC, proxy: Proxy(), setWindowRect: true, strictFileInteractability: false, timeouts: {implicit: 0, pageLoad: 300000, script: 30000}, unhandledPromptBehavior: dismiss and notify}
Session ID: 9044a2a2854a9445ca4efb610dd9ed02
*** Element info: {Using=id, value=fromAddress}
	at java.base/jdk.internal.reflect.NativeConstructorAccessorImpl.newInstance0(Native Method)
	at java.base/jdk.internal.reflect.NativeConstructorAccessorImpl.newInstance(NativeConstructorAccessorImpl.java:62)
	at java.base/jdk.internal.reflect.DelegatingConstructorAccessorImpl.newInstance(DelegatingConstructorAccessorImpl.java:45)
	at java.base/java.lang.reflect.Constructor.newInstanceWithCaller(Constructor.java:500)
	at java.base/java.lang.reflect.Constructor.newInstance(Constructor.java:481)
	at org.openqa.selenium.remote.http.W3CHttpResponseCodec.createException(W3CHttpResponseCodec.java:187)
	at org.openqa.selenium.remote.http.W3CHttpResponseCodec.decode(W3CHttpResponseCodec.java:122)
	at org.openqa.selenium.remote.http.W3CHttpResponseCodec.decode(W3CHttpResponseCodec.java:49)
	at org.openqa.selenium.remote.HttpCommandExecutor.execute(HttpCommandExecutor.java:158)
	at org.openqa.selenium.remote.service.DriverCommandExecutor.execute(DriverCommandExecutor.java:83)
	at org.openqa.selenium.remote.RemoteWebDriver.execute(RemoteWebDriver.java:552)
	at org.openqa.selenium.remote.RemoteWebDriver.findElement(RemoteWebDriver.java:323)
	at org.openqa.selenium.remote.RemoteWebDriver.findElementById(RemoteWebDriver.java:372)
	at org.openqa.selenium.By$ById.findElement(By.java:188)
	at org.openqa.selenium.remote.RemoteWebDriver.findElement(RemoteWebDriver.java:315)
	at org.openqa.selenium.support.pagefactory.DefaultElementLocator.findElement(DefaultElementLocator.java:69)
	at org.openqa.selenium.support.pagefactory.internal.LocatingElementHandler.invoke(LocatingElementHandler.java:38)
	at com.sun.proxy.$Proxy13.sendKeys(Unknown Source)
	at Logistics.Fedex1.page1(Fedex1.java:41)
	at java.base/jdk.internal.reflect.NativeMethodAccessorImpl.invoke0(Native Method)
	at java.base/jdk.internal.reflect.NativeMethodAccessorImpl.invoke(NativeMethodAccessorImpl.java:62)
	at java.base/jdk.internal.reflect.DelegatingMethodAccessorImpl.invoke(DelegatingMethodAccessorImpl.java:43)
	at java.base/java.lang.reflect.Method.invoke(Method.java:567)
	at org.testng.internal.MethodInvocationHelper.invokeMethod(MethodInvocationHelper.java:80)
	at org.testng.internal.Invoker.invokeMethod(Invoker.java:714)
	at org.testng.internal.Invoker.invokeTestMethod(Invoker.java:901)
	at org.testng.internal.Invoker.invokeTestMethods(Invoker.java:1231)
	at org.testng.internal.TestMethodWorker.invokeTestMethods(TestMethodWorker.java:127)
	at org.testng.internal.TestMethodWorker.run(TestMethodWorker.java:111)
	at org.testng.TestRunner.privateRun(TestRunner.java:767)
	at org.testng.TestRunner.run(TestRunner.java:617)
	at org.testng.SuiteRunner.runTest(SuiteRunner.java:334)
	at org.testng.SuiteRunner.runSequentially(SuiteRunner.java:329)
	at org.testng.SuiteRunner.privateRun(SuiteRunner.java:291)
	at org.testng.SuiteRunner.run(SuiteRunner.java:240)
	at org.testng.SuiteRunnerWorker.runSuite(SuiteRunnerWorker.java:52)
	at org.testng.SuiteRunnerWorker.run(SuiteRunnerWorker.java:86)
	at org.testng.TestNG.runSuitesSequentially(TestNG.java:1198)
	at org.testng.TestNG.runSuitesLocally(TestNG.java:1123)
	at org.testng.TestNG.run(TestNG.java:1031)
	at org.apache.maven.surefire.testng.TestNGExecutor.run(TestNGExecutor.java:283)
	at org.apache.maven.surefire.testng.TestNGXmlTestSuite.execute(TestNGXmlTestSuite.java:75)
	at org.apache.maven.surefire.testng.TestNGProvider.invoke(TestNGProvider.java:120)
	at org.apache.maven.surefire.booter.ForkedBooter.invokeProviderInSameClassLoader(ForkedBooter.java:384)
	at org.apache.maven.surefire.booter.ForkedBooter.runSuitesInProcess(ForkedBooter.java:345)
	at org.apache.maven.surefire.booter.ForkedBooter.execute(ForkedBooter.java:126)
	at org.apache.maven.surefire.booter.ForkedBooter.main(ForkedBooter.java:418)
]]>
            </full-stacktrace>
          </exception> <!-- org.openqa.selenium.NoSuchElementException -->
          <reporter-output>
          </reporter-output>
        </test-method> <!-- page1 -->
        <test-method is-config="true" signature="tearDown()[pri:0, instance:Logistics.Fedex1@17baae6e]" started-at="2019-10-22T22:50:03Z" name="tearDown" finished-at="2019-10-22T22:50:03Z" duration-ms="110" status="PASS">
          <reporter-output>
          </reporter-output>
        </test-method> <!-- tearDown -->
        <test-method is-config="true" signature="tearDown()[pri:0, instance:Logistics.Fedex2@61ca2dfa]" started-at="2019-10-22T22:50:03Z" name="tearDown" finished-at="2019-10-22T22:50:03Z" duration-ms="76" status="PASS">
          <reporter-output>
          </reporter-output>
        </test-method> <!-- tearDown -->
        <test-method is-config="true" signature="tearDown()[pri:0, instance:Logistics.Fedex3@43d7741f]" started-at="2019-10-22T22:50:03Z" name="tearDown" finished-at="2019-10-22T22:50:03Z" duration-ms="127" status="PASS">
          <reporter-output>
          </reporter-output>
        </test-method> <!-- tearDown -->
      </class> <!-- Logistics.Fedex1 -->
      <class name="Logistics.Fedex2">
        <test-method signature="page2()[pri:0, instance:Logistics.Fedex2@61ca2dfa]" started-at="2019-10-22T22:49:37Z" name="page2" finished-at="2019-10-22T22:49:45Z" duration-ms="7777" status="PASS">
          <reporter-output>
          </reporter-output>
        </test-method> <!-- page2 -->
      </class> <!-- Logistics.Fedex2 -->
    </test> <!-- Regression Test -->
  </suite> <!-- FedEX -->
</testng-results>
